0 info it worked if it ends with ok
1 verbose cli [ '/opt/node/bin/node', '/opt/node/bin/npm', 'run', 'prestart' ]
2 info using npm@4.1.2
3 info using node@v7.6.0
4 verbose run-script [ 'prestart' ]
5 info lifecycle chattest@0.1.0~prestart: chattest@0.1.0
6 verbose lifecycle chattest@0.1.0~prestart: unsafe-perm in lifecycle true
7 verbose lifecycle chattest@0.1.0~prestart: PATH: /opt/node/lib/node_modules/npm/bin/node-gyp-bin:/home/rine/workspace/chat/node_modules/.bin:/opt/node/bin:/usr/local/sbin:/usr/local/bin:/usr/sbin:/usr/bin:/sbin:/bin:/usr/games:/usr/local/games:/snap/bin
8 verbose lifecycle chattest@0.1.0~prestart: CWD: /home/rine/workspace/chat
9 silly lifecycle chattest@0.1.0~prestart: Args: [ '-c', 'react-scripts build' ]
10 silly lifecycle chattest@0.1.0~prestart: Returned: code: 1  signal: null
11 info lifecycle chattest@0.1.0~prestart: Failed to exec prestart script
12 verbose stack Error: chattest@0.1.0 prestart: `react-scripts build`
12 verbose stack Exit status 1
12 verbose stack     at EventEmitter.<anonymous> (/opt/node/lib/node_modules/npm/lib/utils/lifecycle.js:279:16)
12 verbose stack     at emitTwo (events.js:106:13)
12 verbose stack     at EventEmitter.emit (events.js:192:7)
12 verbose stack     at ChildProcess.<anonymous> (/opt/node/lib/node_modules/npm/lib/utils/spawn.js:40:14)
12 verbose stack     at emitTwo (events.js:106:13)
12 verbose stack     at ChildProcess.emit (events.js:192:7)
12 verbose stack     at maybeClose (internal/child_process.js:890:16)
12 verbose stack     at Process.ChildProcess._handle.onexit (internal/child_process.js:226:5)
13 verbose pkgid chattest@0.1.0
14 verbose cwd /home/rine/workspace/chat
15 error Linux 4.4.0-63-generic
16 error argv "/opt/node/bin/node" "/opt/node/bin/npm" "run" "prestart"
17 error node v7.6.0
18 error npm  v4.1.2
19 error code ELIFECYCLE
20 error chattest@0.1.0 prestart: `react-scripts build`
20 error Exit status 1
21 error Failed at the chattest@0.1.0 prestart script 'react-scripts build'.
21 error Make sure you have the latest version of node.js and npm installed.
21 error If you do, this is most likely a problem with the chattest package,
21 error not with npm itself.
21 error Tell the author that this fails on your system:
21 error     react-scripts build
21 error You can get information on how to open an issue for this project with:
21 error     npm bugs chattest
21 error Or if that isn't available, you can get their info via:
21 error     npm owner ls chattest
21 error There is likely additional logging output above.
22 verbose exit [ 1, true ]
